# JRE version: Java(TM) SE Runtime Environment (8.0_101-b13) (build 1.8.0_101-b13)
# Java VM: Java HotSpot(TM) 64-Bit Server VM (25.101-b13 mixed mode windows-amd64 compressed oops)
Heap:
 PSYoungGen      total 424448K, used 217498K [0x000000076b980000, 0x0000000786800000, 0x00000007c0000000)
  eden space 408064K, 53% used [0x000000076b980000,0x0000000778de69d8,0x0000000784800000)
  from space 16384K, 0% used [0x0000000784800000,0x0000000784800000,0x0000000785800000)
  to   space 16384K, 0% used [0x0000000785800000,0x0000000785800000,0x0000000786800000)
 ParOldGen       total 231424K, used 25324K [0x00000006c2c00000, 0x00000006d0e00000, 0x000000076b980000)
  object space 231424K, 10% used [0x00000006c2c00000,0x00000006c44bb198,0x00000006d0e00000)
 Metaspace       used 68594K, capacity 71534K, committed 71552K, reserved 1112064K
  class space    used 8848K, capacity 9335K, committed 9344K, reserved 1048576K
GC Heap History (10 events):
Event: 479.733 GC heap before
{Heap before GC invocations=19 (full 6):
 PSYoungGen      total 424960K, used 6109K [0x000000076b980000, 0x0000000786900000, 0x00000007c0000000)
  eden space 408064K, 0% used [0x000000076b980000,0x000000076b980000,0x0000000784800000)
  from space 16896K, 36% used [0x0000000784800000,0x0000000784df76f8,0x0000000785880000)
  to   space 16896K, 0% used [0x0000000785880000,0x0000000785880000,0x0000000786900000)
 ParOldGen       total 231424K, used 24180K [0x00000006c2c00000, 0x00000006d0e00000, 0x000000076b980000)
  object space 231424K, 10% used [0x00000006c2c00000,0x00000006c439d210,0x00000006d0e00000)
 Metaspace       used 66214K, capacity 68714K, committed 69120K, reserved 1110016K
  class space    used 8658K, capacity 9090K, committed 9216K, reserved 1048576K
Event: 479.953 GC heap after
Heap after GC invocations=19 (full 6):
 PSYoungGen      total 424960K, used 0K [0x000000076b980000, 0x0000000786900000, 0x00000007c0000000)
  eden space 408064K, 0% used [0x000000076b980000,0x000000076b980000,0x0000000784800000)
  from space 16896K, 0% used [0x0000000784800000,0x0000000784800000,0x0000000785880000)
  to   space 16896K, 0% used [0x0000000785880000,0x0000000785880000,0x0000000786900000)
 ParOldGen       total 231424K, used 24488K [0x00000006c2c00000, 0x00000006d0e00000, 0x000000076b980000)
  object space 231424K, 10% used [0x00000006c2c00000,0x00000006c43ea2a8,0x00000006d0e00000)
 Metaspace       used 66197K, capacity 68684K, committed 69120K, reserved 1110016K
  class space    used 8655K, capacity 9084K, committed 9216K, reserved 1048576K
}
Event: 486.126 GC heap before
{Heap before GC invocations=20 (full 6):
 PSYoungGen      total 424960K, used 214631K [0x000000076b980000, 0x0000000786900000, 0x00000007c0000000)
  eden space 408064K, 52% used [0x000000076b980000,0x0000000778b19d78,0x0000000784800000)
  from space 16896K, 0% used [0x0000000784800000,0x0000000784800000,0x0000000785880000)
  to   space 16896K, 0% used [0x0000000785880000,0x0000000785880000,0x0000000786900000)
 ParOldGen       total 231424K, used 24488K [0x00000006c2c00000, 0x00000006d0e00000, 0x000000076b980000)
  object space 231424K, 10% used [0x00000006c2c00000,0x00000006c43ea2a8,0x00000006d0e00000)
 Metaspace       used 66954K, capacity 69698K, committed 69888K, reserved 1110016K
  class space    used 8718K, capacity 9184K, committed 9216K, reserved 1048576K
Event: 486.132 GC heap after
Heap after GC invocations=20 (full 6):
 PSYoungGen      total 423936K, used 5821K [0x000000076b980000, 0x0000000786800000, 0x00000007c0000000)
  eden space 408064K, 0% used [0x000000076b980000,0x000000076b980000,0x0000000784800000)
  from space 15872K, 36% used [0x0000000785880000,0x0000000785e2f6f8,0x0000000786800000)
  to   space 16384K, 0% used [0x0000000784800000,0x0000000784800000,0x0000000785800000)
 ParOldGen       total 231424K, used 24496K [0x00000006c2c00000, 0x00000006d0e00000, 0x000000076b980000)
  object space 231424K, 10% used [0x00000006c2c00000,0x00000006c43ec2a8,0x00000006d0e00000)
 Metaspace       used 66954K, capacity 69698K, committed 69888K, reserved 1110016K
  class space    used 8718K, capacity 9184K, committed 9216K, reserved 1048576K
}
Event: 486.132 GC heap before
{Heap before GC invocations=21 (full 7):
 PSYoungGen      total 423936K, used 5821K [0x000000076b980000, 0x0000000786800000, 0x00000007c0000000)
  eden space 408064K, 0% used [0x000000076b980000,0x000000076b980000,0x0000000784800000)
  from space 15872K, 36% used [0x0000000785880000,0x0000000785e2f6f8,0x0000000786800000)
  to   space 16384K, 0% used [0x0000000784800000,0x0000000784800000,0x0000000785800000)
 ParOldGen       total 231424K, used 24496K [0x00000006c2c00000, 0x00000006d0e00000, 0x000000076b980000)
  object space 231424K, 10% used [0x00000006c2c00000,0x00000006c43ec2a8,0x00000006d0e00000)
 Metaspace       used 66954K, capacity 69698K, committed 69888K, reserved 1110016K
  class space    used 8718K, capacity 9184K, committed 9216K, reserved 1048576K
Event: 486.362 GC heap after
Heap after GC invocations=21 (full 7):
 PSYoungGen      total 423936K, used 0K [0x000000076b980000, 0x0000000786800000, 0x00000007c0000000)
  eden space 408064K, 0% used [0x000000076b980000,0x000000076b980000,0x0000000784800000)
  from space 15872K, 0% used [0x0000000785880000,0x0000000785880000,0x0000000786800000)
  to   space 16384K, 0% used [0x0000000784800000,0x0000000784800000,0x0000000785800000)
 ParOldGen       total 231424K, used 24532K [0x00000006c2c00000, 0x00000006d0e00000, 0x000000076b980000)
  object space 231424K, 10% used [0x00000006c2c00000,0x00000006c43f51e8,0x00000006d0e00000)
 Metaspace       used 66936K, capacity 69668K, committed 69888K, reserved 1110016K
  class space    used 8715K, capacity 9178K, committed 9216K, reserved 1048576K
}
Event: 538.388 GC heap before
{Heap before GC invocations=22 (full 7):
 PSYoungGen      total 423936K, used 230289K [0x000000076b980000, 0x0000000786800000, 0x00000007c0000000)
  eden space 408064K, 56% used [0x000000076b980000,0x0000000779a645a0,0x0000000784800000)
  from space 15872K, 0% used [0x0000000785880000,0x0000000785880000,0x0000000786800000)
  to   space 16384K, 0% used [0x0000000784800000,0x0000000784800000,0x0000000785800000)
 ParOldGen       total 231424K, used 24532K [0x00000006c2c00000, 0x00000006d0e00000, 0x000000076b980000)
  object space 231424K, 10% used [0x00000006c2c00000,0x00000006c43f51e8,0x00000006d0e00000)
 Metaspace       used 67892K, capacity 70800K, committed 71040K, reserved 1112064K
  class space    used 8796K, capacity 9267K, committed 9344K, reserved 1048576K
Event: 538.397 GC heap after
Heap after GC invocations=22 (full 7):
 PSYoungGen      total 424448K, used 6268K [0x000000076b980000, 0x0000000786800000, 0x00000007c0000000)
  eden space 408064K, 0% used [0x000000076b980000,0x000000076b980000,0x0000000784800000)
  from space 16384K, 38% used [0x0000000784800000,0x0000000784e1f2b0,0x0000000785800000)
  to   space 16384K, 0% used [0x0000000785800000,0x0000000785800000,0x0000000786800000)
 ParOldGen       total 231424K, used 24540K [0x00000006c2c00000, 0x00000006d0e00000, 0x000000076b980000)
  object space 231424K, 10% used [0x00000006c2c00000,0x00000006c43f71e8,0x00000006d0e00000)
 Metaspace       used 67892K, capacity 70800K, committed 71040K, reserved 1112064K
  class space    used 8796K, capacity 9267K, committed 9344K, reserved 1048576K
}
Event: 538.397 GC heap before
{Heap before GC invocations=23 (full 8):
 PSYoungGen      total 424448K, used 6268K [0x000000076b980000, 0x0000000786800000, 0x00000007c0000000)
  eden space 408064K, 0% used [0x000000076b980000,0x000000076b980000,0x0000000784800000)
  from space 16384K, 38% used [0x0000000784800000,0x0000000784e1f2b0,0x0000000785800000)
  to   space 16384K, 0% used [0x0000000785800000,0x0000000785800000,0x0000000786800000)
 ParOldGen       total 231424K, used 24540K [0x00000006c2c00000, 0x00000006d0e00000, 0x000000076b980000)
  object space 231424K, 10% used [0x00000006c2c00000,0x00000006c43f71e8,0x00000006d0e00000)
 Metaspace       used 67892K, capacity 70800K, committed 71040K, reserved 1112064K
  class space    used 8796K, capacity 9267K, committed 9344K, reserved 1048576K
Event: 538.635 GC heap after
Heap after GC invocations=23 (full 8):
 PSYoungGen      total 424448K, used 0K [0x000000076b980000, 0x0000000786800000, 0x00000007c0000000)
  eden space 408064K, 0% used [0x000000076b980000,0x000000076b980000,0x0000000784800000)
  from space 16384K, 0% used [0x0000000784800000,0x0000000784800000,0x0000000785800000)
  to   space 16384K, 0% used [0x0000000785800000,0x0000000785800000,0x0000000786800000)
 ParOldGen       total 231424K, used 25324K [0x00000006c2c00000, 0x00000006d0e00000, 0x000000076b980000)
  object space 231424K, 10% used [0x00000006c2c00000,0x00000006c44bb198,0x00000006d0e00000)
 Metaspace       used 67874K, capacity 70770K, committed 71040K, reserved 1112064K
  class space    used 8793K, capacity 9261K, committed 9344K, reserved 1048576K
}

